\BOOKMARK [1][-]{section*.2}{فهرست مطالب}{}% 1
\BOOKMARK [1][-]{section*.3}{فهرست شکل‌ها}{}% 2
\BOOKMARK [1][-]{section*.4}{فهرست جدول‌ها}{}% 3
\BOOKMARK [1][-]{section*.5}{فهرست الگوریتم‌ها}{}% 4
\BOOKMARK [1][-]{section*.7}{چکیده}{}% 5
\BOOKMARK [0][-]{chapter.1}{راهنمای استفاده از کلاس}{}% 6
\BOOKMARK [1][-]{section.1.1}{مقدمه}{chapter.1}% 7
\BOOKMARK [1][-]{section.1.2}{این همه فایل؟!}{chapter.1}% 8
\BOOKMARK [1][-]{section.1.3}{از کجا شروع کنم؟}{chapter.1}% 9
\BOOKMARK [1][-]{section.1.4}{مطالب پروژه را چطور بنویسم؟}{chapter.1}% 10
\BOOKMARK [2][-]{subsection.1.4.1}{نوشتن فصل‌ها}{section.1.4}% 11
\BOOKMARK [2][-]{subsection.1.4.2}{مراجع}{section.1.4}% 12
\BOOKMARK [1][-]{section.1.5}{اگر سوالی داشتم، از کی بپرسم؟}{chapter.1}% 13
\BOOKMARK [1][-]{section.1.6}{جمع‌بندی}{chapter.1}% 14
\BOOKMARK [0][-]{chapter.2}{آشنایی سریع با برخی دستورات لاتک}{}% 15
\BOOKMARK [1][-]{section.2.1}{بندها و زیرنویس‌ها}{chapter.2}% 16
\BOOKMARK [1][-]{section.2.2}{فرمول‌های ریاضی}{chapter.2}% 17
\BOOKMARK [2][-]{subsection.2.2.1}{یک زیربخش}{section.2.2}% 18
\BOOKMARK [3][-]{subsubsection*.8}{یک زیرزیربخش}{subsection.2.2.1}% 19
\BOOKMARK [1][-]{section.2.3}{نوشته‌های فارسی و انگلیسی مخلوط}{chapter.2}% 20
\BOOKMARK [1][-]{section.2.4}{افزودن تصویر به نوشته}{chapter.2}% 21
\BOOKMARK [1][-]{section.2.5}{محیط‌های شمارش و نکات}{chapter.2}% 22
\BOOKMARK [1][-]{section.2.6}{چگونگی نوشتن و ارجاع به مراجع}{chapter.2}% 23
\BOOKMARK [0][-]{chapter.3}{امتحانی}{}% 24
\BOOKMARK [1][-]{section.3.1}{نمرات}{chapter.3}% 25
\BOOKMARK [0][-]{appendix*.11}{پیوست‌ها}{}% 26
\BOOKMARK [1][-]{section.Alph3.1}{مدیریت مراجع در لاتک}{appendix*.11}% 27
\BOOKMARK [2][-]{subsection.Alph3.1.1}{ مدیریت مراجع با BibTeX }{section.Alph3.1}% 28
\BOOKMARK [2][-]{subsection.Alph3.1.2}{سبک‌های فعلی قابل استفاده در زی‌پرشین}{section.Alph3.1}% 29
\BOOKMARK [2][-]{subsection.Alph3.1.3}{ نحوه استفاده از سبک‌های فارسی}{section.Alph3.1}% 30
\BOOKMARK [1][-]{section.Alph3.2}{‌جدول، نمودار و الگوریتم در لاتک}{appendix*.11}% 31
\BOOKMARK [2][-]{subsection.Alph3.2.1}{مدلهای حرکت دوبعدی}{section.Alph3.2}% 32
\BOOKMARK [2][-]{subsection.Alph3.2.2}{ماتریس}{section.Alph3.2}% 33
\BOOKMARK [2][-]{subsection.Alph3.2.3}{الگوریتم با دستورات فارسی}{section.Alph3.2}% 34
\BOOKMARK [2][-]{subsection.Alph3.2.4}{الگوریتم با دستورات لاتین}{section.Alph3.2}% 35
\BOOKMARK [2][-]{subsection.Alph3.2.5}{نمودار}{section.Alph3.2}% 36
\BOOKMARK [2][-]{subsection.Alph3.2.6}{تصویر}{section.Alph3.2}% 37
\BOOKMARK [0][-]{figure.caption.14}{مراجع}{}% 38
